This file contains any messages produced by compilers while
running configure, to aid debugging if configure makes a mistake.

It was created by arg configure 1.0, which was
generated by GNU Autoconf 2.65.  Invocation command line was

  $ ./configure 

## --------- ##
## Platform. ##
## --------- ##

hostname = edevel1pc
uname -m = x86_64
uname -r = 1.7.32(0.274/5/3)
uname -s = CYGWIN_NT-6.1
uname -v = 2014-08-13 23:06

/usr/bin/uname -p = unknown
/bin/uname -X     = unknown

/bin/arch              = x86_64
/usr/bin/arch -k       = unknown
/usr/convex/getsysinfo = unknown
/usr/bin/hostinfo      = unknown
/bin/machine           = unknown
/usr/bin/oslevel       = unknown
/bin/universe          = unknown

PATH: /cygdrive/d/altera/14.1/nios2eds/bin/gnu/H-x86_64-mingw32/bin
PATH: /cygdrive/d/altera/14.1/nios2eds/sdk2/bin
PATH: /cygdrive/d/altera/14.1/nios2eds/bin
PATH: /cygdrive/d/altera/14.1/quartus/bin64
PATH: /cygdrive/d/altera/14.1/quartus/bin32
PATH: /cygdrive/d/altera/14.1/quartus/sopc_builder/bin
PATH: /usr/bin
PATH: /usr/bin
PATH: /cygdrive/c/ProgramData/Oracle/Java/javapath
PATH: /cygdrive/c/Program Files/Common Files/Microsoft Shared/Windows Live
PATH: /cygdrive/c/Program Files (x86)/Common Files/Microsoft Shared/Windows Live
PATH: /cygdrive/c/Program Files (x86)/AMD APP/bin/x86_64
PATH: /cygdrive/c/Program Files (x86)/AMD APP/bin/x86
PATH: /cygdrive/c/Program Files (x86)/NVIDIA Corporation/PhysX/Common
PATH: /cygdrive/c/Windows/system32
PATH: /cygdrive/c/Windows
PATH: /cygdrive/c/Windows/System32/Wbem
PATH: /cygdrive/c/Windows/System32/WindowsPowerShell/v1.0
PATH: /cygdrive/c/Program Files (x86)/ATI Technologies/ATI.ACE/Core-Static
PATH: /cygdrive/d/altera/14.1/qprogrammer/bin64
PATH: /cygdrive/c/Program Files/TortoiseSVN/bin
PATH: /cygdrive/c/Program Files/MATLAB/R2009b/runtime/win64
PATH: /cygdrive/c/Program Files/MATLAB/R2009b/bin
PATH: /cygdrive/c/Program Files (x86)/Git/cmd
PATH: /cygdrive/c/Program Files/Microsoft Network Monitor 3
PATH: /cygdrive/d/altera/14.1/qprogrammer/eda/sim_lib/excalibur/swift/lib/pcnt.lib
PATH: /cygdrive/c/Program Files/nodejs
PATH: /cygdrive/c/Program Files (x86)/Windows Live/Shared
PATH: /cygdrive/c/Program Files/Microsoft SQL Server/120/Tools/Binn
PATH: /cygdrive/c/Program Files/Microsoft SQL Server/Client SDK/ODBC/110/Tools/Binn
PATH: /cygdrive/c/Program Files (x86)/Microsoft SQL Server/120/Tools/Binn/ManagementStudio
PATH: /cygdrive/c/Program Files (x86)/Microsoft SQL Server/120/Tools/Binn
PATH: /cygdrive/c/Program Files (x86)/Microsoft SQL Server/120/DTS/Binn
PATH: /cygdrive/c/Program Files/Microsoft SQL Server/120/DTS/Binn
PATH: /cygdrive/c/Program Files
PATH: /cygdrive/c/Program Files (x86)/Skype/Phone
PATH: /cygdrive/c/altera/12.1/modelsim_ase/win32aloem
PATH: /cygdrive/d/altera/13.0sp1/modelsim_ase/win32aloem
PATH: /cygdrive/d/altera/13.1/modelsim_ase/win32aloem
PATH: /cygdrive/c/Users/yairlinn/AppData/Roaming/npm
PATH: /cygdrive/d/altera/14.0/modelsim_ase/win32aloem
PATH: /cygdrive/c/altera/14.0/modelsim_ase/win32aloem
PATH: /cygdrive/d/altera/14.1/modelsim_ase/win32aloem
PATH: /cygdrive/d/altera/14.1/modelsim_ae/win32aloem


## ----------- ##
## Core tests. ##
## ----------- ##

configure:2386: checking for a BSD-compatible install
configure:2454: result: /usr/bin/install -c
configure:2465: checking whether build environment is sane
configure:2515: result: yes
configure:2656: checking for a thread-safe mkdir -p
configure:2695: result: /usr/bin/mkdir -p
configure:2708: checking for gawk
configure:2724: found /usr/bin/gawk
configure:2735: result: gawk
configure:2746: checking whether make sets $(MAKE)
configure:2768: result: yes
configure:2907: checking for g++
configure:2923: found /usr/bin/g++
configure:2934: result: g++
configure:2961: checking for C++ compiler version
configure:2970: g++ --version >&5
g++ (GCC) 4.8.3
Copyright (C) 2013 Free Software Foundation, Inc.
This is free software; see the source for copying conditions.  There is NO
warranty; not even for MERCHANTABILITY or FITNESS FOR A PARTICULAR PURPOSE.

configure:2981: $? = 0
configure:2970: g++ -v >&5
Using built-in specs.
COLLECT_GCC=g++
COLLECT_LTO_WRAPPER=/usr/lib/gcc/x86_64-pc-cygwin/4.8.3/lto-wrapper.exe
Target: x86_64-pc-cygwin
Configured with: /cygdrive/i/szsz/tmpp/gcc/gcc-4.8.3-3.x86_64/src/gcc-4.8.3/configure --srcdir=/cygdrive/i/szsz/tmpp/gcc/gcc-4.8.3-3.x86_64/src/gcc-4.8.3 --prefix=/usr --exec-prefix=/usr --bindir=/usr/bin --sbindir=/usr/sbin --libexecdir=/usr/libexec --datadir=/usr/share --localstatedir=/var --sysconfdir=/etc --libdir=/usr/lib --datarootdir=/usr/share --docdir=/usr/share/doc/gcc --htmldir=/usr/share/doc/gcc/html -C --build=x86_64-pc-cygwin --host=x86_64-pc-cygwin --target=x86_64-pc-cygwin --without-libiconv-prefix --without-libintl-prefix --libexecdir=/usr/lib --enable-shared --enable-shared-libgcc --enable-static --enable-version-specific-runtime-libs --enable-bootstrap --enable-__cxa_atexit --with-dwarf2 --with-tune=generic --enable-languages=ada,c,c++,fortran,lto,objc,obj-c++ --enable-graphite --enable-threads=posix --enable-libatomic --enable-libgomp --disable-libitm --enable-libquadmath --enable-libquadmath-support --enable-libssp --enable-libada --enable-libgcj-sublibs --disable-java-awt --disable-symvers --with-ecj-jar=/usr/share/java/ecj.jar --with-gnu-ld --with-gnu-as --with-cloog-include=/usr/include/cloog-isl --without-libiconv-prefix --without-libintl-prefix --with-system-zlib --enable-linker-build-id
Thread model: posix
gcc version 4.8.3 (GCC) 
configure:2981: $? = 0
configure:2970: g++ -V >&5
g++: error: unrecognized command line option '-V'
g++: fatal error: no input files
compilation terminated.
configure:2981: $? = 1
configure:2970: g++ -qversion >&5
g++: error: unrecognized command line option '-qversion'
g++: fatal error: no input files
compilation terminated.
configure:2981: $? = 1
configure:3001: checking whether the C++ compiler works
configure:3023: g++    conftest.cpp  >&5
configure:3027: $? = 0
configure:3076: result: yes
configure:3079: checking for C++ compiler default output file name
configure:3081: result: a.exe
configure:3087: checking for suffix of executables
configure:3094: g++ -o conftest.exe    conftest.cpp  >&5
configure:3098: $? = 0
configure:3120: result: .exe
configure:3142: checking whether we are cross compiling
configure:3150: g++ -o conftest.exe    conftest.cpp  >&5
configure:3154: $? = 0
configure:3161: ./conftest.exe
configure:3165: $? = 0
configure:3180: result: no
configure:3185: checking for suffix of object files
configure:3207: g++ -c   conftest.cpp >&5
configure:3211: $? = 0
configure:3232: result: o
configure:3236: checking whether we are using the GNU C++ compiler
configure:3255: g++ -c   conftest.cpp >&5
configure:3255: $? = 0
configure:3264: result: yes
configure:3273: checking whether g++ accepts -g
configure:3293: g++ -c -g  conftest.cpp >&5
configure:3293: $? = 0
configure:3334: result: yes
configure:3368: checking for style of include used by make
configure:3396: result: GNU
configure:3421: checking dependency style of g++
configure:3531: result: none
configure:3575: checking build system type
configure:3589: result: x86_64-unknown-cygwin
configure:3609: checking host system type
configure:3622: result: x86_64-unknown-cygwin
configure:3690: checking for gcc
configure:3706: found /usr/bin/gcc
configure:3717: result: gcc
configure:3946: checking for C compiler version
configure:3955: gcc --version >&5
gcc (GCC) 4.8.3
Copyright (C) 2013 Free Software Foundation, Inc.
This is free software; see the source for copying conditions.  There is NO
warranty; not even for MERCHANTABILITY or FITNESS FOR A PARTICULAR PURPOSE.

configure:3966: $? = 0
configure:3955: gcc -v >&5
Using built-in specs.
COLLECT_GCC=gcc
COLLECT_LTO_WRAPPER=/usr/lib/gcc/x86_64-pc-cygwin/4.8.3/lto-wrapper.exe
Target: x86_64-pc-cygwin
Configured with: /cygdrive/i/szsz/tmpp/gcc/gcc-4.8.3-3.x86_64/src/gcc-4.8.3/configure --srcdir=/cygdrive/i/szsz/tmpp/gcc/gcc-4.8.3-3.x86_64/src/gcc-4.8.3 --prefix=/usr --exec-prefix=/usr --bindir=/usr/bin --sbindir=/usr/sbin --libexecdir=/usr/libexec --datadir=/usr/share --localstatedir=/var --sysconfdir=/etc --libdir=/usr/lib --datarootdir=/usr/share --docdir=/usr/share/doc/gcc --htmldir=/usr/share/doc/gcc/html -C --build=x86_64-pc-cygwin --host=x86_64-pc-cygwin --target=x86_64-pc-cygwin --without-libiconv-prefix --without-libintl-prefix --libexecdir=/usr/lib --enable-shared --enable-shared-libgcc --enable-static --enable-version-specific-runtime-libs --enable-bootstrap --enable-__cxa_atexit --with-dwarf2 --with-tune=generic --enable-languages=ada,c,c++,fortran,lto,objc,obj-c++ --enable-graphite --enable-threads=posix --enable-libatomic --enable-libgomp --disable-libitm --enable-libquadmath --enable-libquadmath-support --enable-libssp --enable-libada --enable-libgcj-sublibs --disable-java-awt --disable-symvers --with-ecj-jar=/usr/share/java/ecj.jar --with-gnu-ld --with-gnu-as --with-cloog-include=/usr/include/cloog-isl --without-libiconv-prefix --without-libintl-prefix --with-system-zlib --enable-linker-build-id
Thread model: posix
gcc version 4.8.3 (GCC) 
configure:3966: $? = 0
configure:3955: gcc -V >&5
gcc: error: unrecognized command line option '-V'
gcc: fatal error: no input files
compilation terminated.
configure:3966: $? = 1
configure:3955: gcc -qversion >&5
gcc: error: unrecognized command line option '-qversion'
gcc: fatal error: no input files
compilation terminated.
configure:3966: $? = 1
configure:3970: checking whether we are using the GNU C compiler
configure:3989: gcc -c   conftest.c >&5
configure:3989: $? = 0
configure:3998: result: yes
configure:4007: checking whether gcc accepts -g
configure:4027: gcc -c -g  conftest.c >&5
configure:4027: $? = 0
configure:4068: result: yes
configure:4085: checking for gcc option to accept ISO C89
configure:4149: gcc  -c -g -O2  conftest.c >&5
configure:4149: $? = 0
configure:4162: result: none needed
configure:4184: checking dependency style of gcc
configure:4294: result: none
configure:4309: checking for a sed that does not truncate output
configure:4373: result: /usr/bin/sed
configure:4391: checking for grep that handles long lines and -e
configure:4449: result: /usr/bin/grep
configure:4454: checking for egrep
configure:4516: result: /usr/bin/grep -E
configure:4521: checking for fgrep
configure:4583: result: /usr/bin/grep -F
configure:4618: checking for ld used by gcc
configure:4685: result: /usr/bin/ld
configure:4692: checking if the linker (/usr/bin/ld) is GNU ld
configure:4707: result: yes
configure:4719: checking for BSD- or MS-compatible name lister (nm)
configure:4768: result: /usr/bin/nm -B
configure:4886: checking the name lister (/usr/bin/nm -B) interface
configure:4893: gcc -c -g -O2  conftest.c >&5
configure:4896: /usr/bin/nm -B "conftest.o"
configure:4899: output
0000000000000000 b .bss
0000000000000000 d .data
0000000000000000 N .debug_abbrev
0000000000000000 N .debug_aranges
0000000000000000 N .debug_info
0000000000000000 N .debug_line
0000000000000000 r .rdata$zzz
0000000000000000 t .text
0000000000000000 B some_variable
configure:4906: result: BSD nm
configure:4909: checking whether ln -s works
configure:4913: result: yes
configure:4921: checking the maximum length of command line arguments
configure:5041: result: 8192
configure:5058: checking whether the shell understands some XSI constructs
configure:5068: result: yes
configure:5072: checking whether the shell understands "+="
configure:5078: result: yes
configure:5113: checking for /usr/bin/ld option to reload object files
configure:5120: result: -r
configure:5189: checking for objdump
configure:5205: found /usr/bin/objdump
configure:5216: result: objdump
configure:5248: checking how to recognize dependent libraries
configure:5444: result: file_magic ^x86 archive import|^x86 DLL
configure:5504: checking for ar
configure:5520: found /usr/bin/ar
configure:5531: result: ar
configure:5609: checking for strip
configure:5625: found /usr/bin/strip
configure:5636: result: strip
configure:5708: checking for ranlib
configure:5724: found /usr/bin/ranlib
configure:5735: result: ranlib
configure:5825: checking command to parse /usr/bin/nm -B output from gcc object
configure:5943: gcc -c -g -O2  conftest.c >&5
configure:5946: $? = 0
configure:5950: /usr/bin/nm -B conftest.o \| sed -n -e 's/^.*[	 ]\([ABCDGIRSTW][ABCDGIRSTW]*\)[	 ][	 ]*\([_A-Za-z][_A-Za-z0-9]*\)$/\1 \2 \2/p' \> conftest.nm
configure:5953: $? = 0
configure:6007: gcc -o conftest.exe -g -O2   conftest.c conftstm.o >&5
configure:6010: $? = 0
configure:6048: result: ok
configure:6857: checking how to run the C preprocessor
configure:6888: gcc -E  conftest.c
configure:6888: $? = 0
configure:6902: gcc -E  conftest.c
conftest.c:11:28: fatal error: ac_nonexistent.h: No such file or directory
 #include <ac_nonexistent.h>
                            ^
compilation terminated.
configure:6902: $? = 1
configure: failed program was:
| /* confdefs.h */
| #define PACKAGE_NAME "arg"
| #define PACKAGE_TARNAME "arg"
| #define PACKAGE_VERSION "1.0"
| #define PACKAGE_STRING "arg 1.0"
| #define PACKAGE_BUGREPORT "cjj@u.washington.edu"
| #define PACKAGE_URL ""
| #define PACKAGE "arg"
| #define VERSION "1.0"
| /* end confdefs.h.  */
| #include <ac_nonexistent.h>
configure:6927: result: gcc -E
configure:6947: gcc -E  conftest.c
configure:6947: $? = 0
configure:6961: gcc -E  conftest.c
conftest.c:11:28: fatal error: ac_nonexistent.h: No such file or directory
 #include <ac_nonexistent.h>
                            ^
compilation terminated.
configure:6961: $? = 1
configure: failed program was:
| /* confdefs.h */
| #define PACKAGE_NAME "arg"
| #define PACKAGE_TARNAME "arg"
| #define PACKAGE_VERSION "1.0"
| #define PACKAGE_STRING "arg 1.0"
| #define PACKAGE_BUGREPORT "cjj@u.washington.edu"
| #define PACKAGE_URL ""
| #define PACKAGE "arg"
| #define VERSION "1.0"
| /* end confdefs.h.  */
| #include <ac_nonexistent.h>
configure:6990: checking for ANSI C header files
configure:7010: gcc -c -g -O2  conftest.c >&5
configure:7010: $? = 0
configure:7083: gcc -o conftest.exe -g -O2   conftest.c  >&5
configure:7083: $? = 0
configure:7083: ./conftest.exe
configure:7083: $? = 0
configure:7094: result: yes
configure:7107: checking for sys/types.h
configure:7107: gcc -c -g -O2  conftest.c >&5
configure:7107: $? = 0
configure:7107: result: yes
configure:7107: checking for sys/stat.h
configure:7107: gcc -c -g -O2  conftest.c >&5
configure:7107: $? = 0
configure:7107: result: yes
configure:7107: checking for stdlib.h
configure:7107: gcc -c -g -O2  conftest.c >&5
configure:7107: $? = 0
configure:7107: result: yes
configure:7107: checking for string.h
configure:7107: gcc -c -g -O2  conftest.c >&5
configure:7107: $? = 0
configure:7107: result: yes
configure:7107: checking for memory.h
configure:7107: gcc -c -g -O2  conftest.c >&5
configure:7107: $? = 0
configure:7107: result: yes
configure:7107: checking for strings.h
configure:7107: gcc -c -g -O2  conftest.c >&5
configure:7107: $? = 0
configure:7107: result: yes
configure:7107: checking for inttypes.h
configure:7107: gcc -c -g -O2  conftest.c >&5
configure:7107: $? = 0
configure:7107: result: yes
configure:7107: checking for stdint.h
configure:7107: gcc -c -g -O2  conftest.c >&5
configure:7107: $? = 0
configure:7107: result: yes
configure:7107: checking for unistd.h
configure:7107: gcc -c -g -O2  conftest.c >&5
configure:7107: $? = 0
configure:7107: result: yes
configure:7122: checking for dlfcn.h
configure:7122: gcc -c -g -O2  conftest.c >&5
configure:7122: $? = 0
configure:7122: result: yes
configure:7247: checking for C++ compiler version
configure:7256: g++ --version >&5
g++ (GCC) 4.8.3
Copyright (C) 2013 Free Software Foundation, Inc.
This is free software; see the source for copying conditions.  There is NO
warranty; not even for MERCHANTABILITY or FITNESS FOR A PARTICULAR PURPOSE.

configure:7267: $? = 0
configure:7256: g++ -v >&5
Using built-in specs.
COLLECT_GCC=g++
COLLECT_LTO_WRAPPER=/usr/lib/gcc/x86_64-pc-cygwin/4.8.3/lto-wrapper.exe
Target: x86_64-pc-cygwin
Configured with: /cygdrive/i/szsz/tmpp/gcc/gcc-4.8.3-3.x86_64/src/gcc-4.8.3/configure --srcdir=/cygdrive/i/szsz/tmpp/gcc/gcc-4.8.3-3.x86_64/src/gcc-4.8.3 --prefix=/usr --exec-prefix=/usr --bindir=/usr/bin --sbindir=/usr/sbin --libexecdir=/usr/libexec --datadir=/usr/share --localstatedir=/var --sysconfdir=/etc --libdir=/usr/lib --datarootdir=/usr/share --docdir=/usr/share/doc/gcc --htmldir=/usr/share/doc/gcc/html -C --build=x86_64-pc-cygwin --host=x86_64-pc-cygwin --target=x86_64-pc-cygwin --without-libiconv-prefix --without-libintl-prefix --libexecdir=/usr/lib --enable-shared --enable-shared-libgcc --enable-static --enable-version-specific-runtime-libs --enable-bootstrap --enable-__cxa_atexit --with-dwarf2 --with-tune=generic --enable-languages=ada,c,c++,fortran,lto,objc,obj-c++ --enable-graphite --enable-threads=posix --enable-libatomic --enable-libgomp --disable-libitm --enable-libquadmath --enable-libquadmath-support --enable-libssp --enable-libada --enable-libgcj-sublibs --disable-java-awt --disable-symvers --with-ecj-jar=/usr/share/java/ecj.jar --with-gnu-ld --with-gnu-as --with-cloog-include=/usr/include/cloog-isl --without-libiconv-prefix --without-libintl-prefix --with-system-zlib --enable-linker-build-id
Thread model: posix
gcc version 4.8.3 (GCC) 
configure:7267: $? = 0
configure:7256: g++ -V >&5
g++: error: unrecognized command line option '-V'
g++: fatal error: no input files
compilation terminated.
configure:7267: $? = 1
configure:7256: g++ -qversion >&5
g++: error: unrecognized command line option '-qversion'
g++: fatal error: no input files
compilation terminated.
configure:7267: $? = 1
configure:7271: checking whether we are using the GNU C++ compiler
configure:7299: result: yes
configure:7308: checking whether g++ accepts -g
configure:7369: result: yes
configure:7394: checking dependency style of g++
configure:7504: result: none
configure:7527: checking how to run the C++ preprocessor
configure:7554: g++ -E  conftest.cpp
configure:7554: $? = 0
configure:7568: g++ -E  conftest.cpp
conftest.cpp:22:28: fatal error: ac_nonexistent.h: No such file or directory
 #include <ac_nonexistent.h>
                            ^
compilation terminated.
configure:7568: $? = 1
configure: failed program was:
| /* confdefs.h */
| #define PACKAGE_NAME "arg"
| #define PACKAGE_TARNAME "arg"
| #define PACKAGE_VERSION "1.0"
| #define PACKAGE_STRING "arg 1.0"
| #define PACKAGE_BUGREPORT "cjj@u.washington.edu"
| #define PACKAGE_URL ""
| #define PACKAGE "arg"
| #define VERSION "1.0"
| #define STDC_HEADERS 1
| #define HAVE_SYS_TYPES_H 1
| #define HAVE_SYS_STAT_H 1
| #define HAVE_STDLIB_H 1
| #define HAVE_STRING_H 1
| #define HAVE_MEMORY_H 1
| #define HAVE_STRINGS_H 1
| #define HAVE_INTTYPES_H 1
| #define HAVE_STDINT_H 1
| #define HAVE_UNISTD_H 1
| #define HAVE_DLFCN_H 1
| /* end confdefs.h.  */
| #include <ac_nonexistent.h>
configure:7593: result: g++ -E
configure:7613: g++ -E  conftest.cpp
configure:7613: $? = 0
configure:7627: g++ -E  conftest.cpp
conftest.cpp:22:28: fatal error: ac_nonexistent.h: No such file or directory
 #include <ac_nonexistent.h>
                            ^
compilation terminated.
configure:7627: $? = 1
configure: failed program was:
| /* confdefs.h */
| #define PACKAGE_NAME "arg"
| #define PACKAGE_TARNAME "arg"
| #define PACKAGE_VERSION "1.0"
| #define PACKAGE_STRING "arg 1.0"
| #define PACKAGE_BUGREPORT "cjj@u.washington.edu"
| #define PACKAGE_URL ""
| #define PACKAGE "arg"
| #define VERSION "1.0"
| #define STDC_HEADERS 1
| #define HAVE_SYS_TYPES_H 1
| #define HAVE_SYS_STAT_H 1
| #define HAVE_STDLIB_H 1
| #define HAVE_STRING_H 1
| #define HAVE_MEMORY_H 1
| #define HAVE_STRINGS_H 1
| #define HAVE_INTTYPES_H 1
| #define HAVE_STDINT_H 1
| #define HAVE_UNISTD_H 1
| #define HAVE_DLFCN_H 1
| /* end confdefs.h.  */
| #include <ac_nonexistent.h>
configure:7833: checking for objdir
configure:7848: result: .libs
configure:8144: checking if gcc supports -fno-rtti -fno-exceptions
configure:8162: gcc -c -g -O2  -fno-rtti -fno-exceptions conftest.c >&5
cc1: warning: command line option '-fno-rtti' is valid for C++/ObjC++ but not for C [enabled by default]
configure:8166: $? = 0
configure:8179: result: no
configure:8199: checking for gcc option to produce PIC
configure:8471: result: -DDLL_EXPORT -DPIC
configure:8483: checking if gcc PIC flag -DDLL_EXPORT -DPIC works
configure:8501: gcc -c -g -O2  -DDLL_EXPORT -DPIC -DPIC conftest.c >&5
configure:8505: $? = 0
configure:8518: result: yes
configure:8542: checking if gcc static flag -static works
configure:8570: result: yes
configure:8585: checking if gcc supports -c -o file.o
configure:8606: gcc -c -g -O2  -o out/conftest2.o conftest.c >&5
configure:8610: $? = 0
configure:8632: result: yes
configure:8640: checking if gcc supports -c -o file.o
configure:8687: result: yes
configure:8720: checking whether the gcc linker (/usr/bin/ld) supports shared libraries
configure:9711: result: yes
configure:9748: checking whether -lc should be explicitly linked in
configure:9753: gcc -c -g -O2  conftest.c >&5
configure:9756: $? = 0
configure:9771: gcc -shared conftest.o  -v -o ./conftest -Wl,--enable-auto-image-base -Xlinker --out-implib -Xlinker conftest 2\>\&1 \| /usr/bin/grep  -lc  \>/dev/null 2\>\&1
configure:9774: $? = 1
configure:9786: result: yes
configure:9950: checking dynamic linker characteristics
configure:10613: result: Win32 ld.exe
configure:10715: checking how to hardcode library paths into programs
configure:10740: result: immediate
configure:11260: checking whether stripping libraries is possible
configure:11265: result: yes
configure:11300: checking if libtool supports shared libraries
configure:11302: result: yes
configure:11305: checking whether to build shared libraries
configure:11326: result: yes
configure:11329: checking whether to build static libraries
configure:11333: result: yes
configure:11483: checking for ld used by g++
configure:11550: result: /usr/bin/ld
configure:11557: checking if the linker (/usr/bin/ld) is GNU ld
configure:11572: result: yes
configure:11627: checking whether the g++ linker (/usr/bin/ld) supports shared libraries
configure:12540: result: yes
configure:12568: g++ -c -g -O2  conftest.cpp >&5
configure:12571: $? = 0
configure:12753: checking for g++ option to produce PIC
configure:13070: result: -DDLL_EXPORT -DPIC
configure:13079: checking if g++ PIC flag -DDLL_EXPORT -DPIC works
configure:13097: g++ -c -g -O2  -DDLL_EXPORT -DPIC -DPIC conftest.cpp >&5
configure:13101: $? = 0
configure:13114: result: yes
configure:13135: checking if g++ static flag -static works
configure:13163: result: yes
configure:13175: checking if g++ supports -c -o file.o
configure:13196: g++ -c -g -O2  -o out/conftest2.o conftest.cpp >&5
configure:13200: $? = 0
configure:13222: result: yes
configure:13227: checking if g++ supports -c -o file.o
configure:13274: result: yes
configure:13304: checking whether the g++ linker (/usr/bin/ld) supports shared libraries
configure:13333: result: yes
configure:13470: checking dynamic linker characteristics
configure:14081: result: Win32 ld.exe
configure:14132: checking how to hardcode library paths into programs
configure:14157: result: immediate
configure:14387: creating ./config.status

## ---------------------- ##
## Running config.status. ##
## ---------------------- ##

This file was extended by arg config.status 1.0, which was
generated by GNU Autoconf 2.65.  Invocation command line was

  CONFIG_FILES    = 
  CONFIG_HEADERS  = 
  CONFIG_LINKS    = 
  CONFIG_COMMANDS = 
  $ ./config.status 

on edevel1pc

config.status:1065: creating Makefile
config.status:1228: executing depfiles commands
config.status:1228: executing libtool commands

## ---------------- ##
## Cache variables. ##
## ---------------- ##

ac_cv_build=x86_64-unknown-cygwin
ac_cv_c_compiler_gnu=yes
ac_cv_cxx_compiler_gnu=yes
ac_cv_env_CCC_set=
ac_cv_env_CCC_value=
ac_cv_env_CC_set=
ac_cv_env_CC_value=
ac_cv_env_CFLAGS_set=
ac_cv_env_CFLAGS_value=
ac_cv_env_CPPFLAGS_set=
ac_cv_env_CPPFLAGS_value=
ac_cv_env_CPP_set=
ac_cv_env_CPP_value=
ac_cv_env_CXXCPP_set=
ac_cv_env_CXXCPP_value=
ac_cv_env_CXXFLAGS_set=
ac_cv_env_CXXFLAGS_value=
ac_cv_env_CXX_set=
ac_cv_env_CXX_value=
ac_cv_env_LDFLAGS_set=
ac_cv_env_LDFLAGS_value=
ac_cv_env_LIBS_set=
ac_cv_env_LIBS_value=
ac_cv_env_build_alias_set=
ac_cv_env_build_alias_value=
ac_cv_env_host_alias_set=
ac_cv_env_host_alias_value=
ac_cv_env_target_alias_set=
ac_cv_env_target_alias_value=
ac_cv_exeext=.exe
ac_cv_header_dlfcn_h=yes
ac_cv_header_inttypes_h=yes
ac_cv_header_memory_h=yes
ac_cv_header_stdc=yes
ac_cv_header_stdint_h=yes
ac_cv_header_stdlib_h=yes
ac_cv_header_string_h=yes
ac_cv_header_strings_h=yes
ac_cv_header_sys_stat_h=yes
ac_cv_header_sys_types_h=yes
ac_cv_header_unistd_h=yes
ac_cv_host=x86_64-unknown-cygwin
ac_cv_objext=o
ac_cv_path_EGREP='/usr/bin/grep -E'
ac_cv_path_FGREP='/usr/bin/grep -F'
ac_cv_path_GREP=/usr/bin/grep
ac_cv_path_SED=/usr/bin/sed
ac_cv_path_install='/usr/bin/install -c'
ac_cv_path_mkdir=/usr/bin/mkdir
ac_cv_prog_AWK=gawk
ac_cv_prog_CPP='gcc -E'
ac_cv_prog_CXXCPP='g++ -E'
ac_cv_prog_ac_ct_AR=ar
ac_cv_prog_ac_ct_CC=gcc
ac_cv_prog_ac_ct_CXX=g++
ac_cv_prog_ac_ct_OBJDUMP=objdump
ac_cv_prog_ac_ct_RANLIB=ranlib
ac_cv_prog_ac_ct_STRIP=strip
ac_cv_prog_cc_c89=
ac_cv_prog_cc_g=yes
ac_cv_prog_cxx_g=yes
ac_cv_prog_make_make_set=yes
am_cv_CC_dependencies_compiler_type=none
am_cv_CXX_dependencies_compiler_type=none
lt_cv_deplibs_check_method='file_magic ^x86 archive import|^x86 DLL'
lt_cv_file_magic_cmd=func_win32_libid
lt_cv_file_magic_test_file=
lt_cv_ld_reload_flag=-r
lt_cv_nm_interface='BSD nm'
lt_cv_objdir=.libs
lt_cv_path_LD=/usr/bin/ld
lt_cv_path_LDCXX=/usr/bin/ld
lt_cv_path_NM='/usr/bin/nm -B'
lt_cv_prog_compiler_c_o=yes
lt_cv_prog_compiler_c_o_CXX=yes
lt_cv_prog_compiler_pic_works=yes
lt_cv_prog_compiler_pic_works_CXX=yes
lt_cv_prog_compiler_rtti_exceptions=no
lt_cv_prog_compiler_static_works=yes
lt_cv_prog_compiler_static_works_CXX=yes
lt_cv_prog_gnu_ld=yes
lt_cv_prog_gnu_ldcxx=yes
lt_cv_sys_global_symbol_pipe='sed -n -e '\''s/^.*[	 ]\([ABCDGIRSTW][ABCDGIRSTW]*\)[	 ][	 ]*\([_A-Za-z][_A-Za-z0-9]*\)$/\1 \2 \2/p'\'''
lt_cv_sys_global_symbol_to_c_name_address='sed -n -e '\''s/^: \([^ ]*\) $/  {\"\1\", (void *) 0},/p'\'' -e '\''s/^[ABCDGIRSTW]* \([^ ]*\) \([^ ]*\)$/  {"\2", (void *) \&\2},/p'\'''
lt_cv_sys_global_symbol_to_c_name_address_lib_prefix='sed -n -e '\''s/^: \([^ ]*\) $/  {\"\1\", (void *) 0},/p'\'' -e '\''s/^[ABCDGIRSTW]* \([^ ]*\) \(lib[^ ]*\)$/  {"\2", (void *) \&\2},/p'\'' -e '\''s/^[ABCDGIRSTW]* \([^ ]*\) \([^ ]*\)$/  {"lib\2", (void *) \&\2},/p'\'''
lt_cv_sys_global_symbol_to_cdecl='sed -n -e '\''s/^T .* \(.*\)$/extern int \1();/p'\'' -e '\''s/^[ABCDGIRSTW]* .* \(.*\)$/extern char \1;/p'\'''
lt_cv_sys_max_cmd_len=8192

## ----------------- ##
## Output variables. ##
## ----------------- ##

ACLOCAL='${SHELL} /cygdrive/d/deap/edevel00419_adc24_grif16_test/tsbs/common_sw_library/tsb/ip/software/arg/missing --run aclocal-1.11'
AMDEPBACKSLASH='\'
AMDEP_FALSE='#'
AMDEP_TRUE=''
AMTAR='${SHELL} /cygdrive/d/deap/edevel00419_adc24_grif16_test/tsbs/common_sw_library/tsb/ip/software/arg/missing --run tar'
AR='ar'
AUTOCONF='${SHELL} /cygdrive/d/deap/edevel00419_adc24_grif16_test/tsbs/common_sw_library/tsb/ip/software/arg/missing --run autoconf'
AUTOHEADER='${SHELL} /cygdrive/d/deap/edevel00419_adc24_grif16_test/tsbs/common_sw_library/tsb/ip/software/arg/missing --run autoheader'
AUTOMAKE='${SHELL} /cygdrive/d/deap/edevel00419_adc24_grif16_test/tsbs/common_sw_library/tsb/ip/software/arg/missing --run automake-1.11'
AWK='gawk'
CC='gcc'
CCDEPMODE='depmode=none'
CFLAGS='-g -O2'
CPP='gcc -E'
CPPFLAGS=''
CXX='g++'
CXXCPP='g++ -E'
CXXDEPMODE='depmode=none'
CXXFLAGS='-g -O2'
CYGPATH_W='cygpath -w'
DEFS='-DPACKAGE_NAME=\"arg\" -DPACKAGE_TARNAME=\"arg\" -DPACKAGE_VERSION=\"1.0\" -DPACKAGE_STRING=\"arg\ 1.0\" -DPACKAGE_BUGREPORT=\"cjj@u.washington.edu\" -DPACKAGE_URL=\"\" -DPACKAGE=\"arg\" -DVERSION=\"1.0\" -DSTDC_HEADERS=1 -DHAVE_SYS_TYPES_H=1 -DHAVE_SYS_STAT_H=1 -DHAVE_STDLIB_H=1 -DHAVE_STRING_H=1 -DHAVE_MEMORY_H=1 -DHAVE_STRINGS_H=1 -DHAVE_INTTYPES_H=1 -DHAVE_STDINT_H=1 -DHAVE_UNISTD_H=1 -DHAVE_DLFCN_H=1 -DLT_OBJDIR=\".libs/\"'
DEPDIR='.deps'
DSYMUTIL=''
DUMPBIN=''
ECHO_C=''
ECHO_N='-n'
ECHO_T=''
EGREP='/usr/bin/grep -E'
EXEEXT='.exe'
FGREP='/usr/bin/grep -F'
GREP='/usr/bin/grep'
INSTALL_DATA='${INSTALL} -m 644'
INSTALL_PROGRAM='${INSTALL}'
INSTALL_SCRIPT='${INSTALL}'
INSTALL_STRIP_PROGRAM='$(install_sh) -c -s'
LD='/usr/bin/ld'
LDFLAGS=''
LIBOBJS=''
LIBS=''
LIBTOOL='$(SHELL) $(top_builddir)/libtool'
LIPO=''
LN_S='ln -s'
LTLIBOBJS=''
MAKEINFO='${SHELL} /cygdrive/d/deap/edevel00419_adc24_grif16_test/tsbs/common_sw_library/tsb/ip/software/arg/missing --run makeinfo'
MKDIR_P='/usr/bin/mkdir -p'
NM='/usr/bin/nm -B'
NMEDIT=''
OBJDUMP='objdump'
OBJEXT='o'
OTOOL64=''
OTOOL=''
PACKAGE='arg'
PACKAGE_BUGREPORT='cjj@u.washington.edu'
PACKAGE_NAME='arg'
PACKAGE_STRING='arg 1.0'
PACKAGE_TARNAME='arg'
PACKAGE_URL=''
PACKAGE_VERSION='1.0'
PATH_SEPARATOR=':'
RANLIB='ranlib'
SED='/usr/bin/sed'
SET_MAKE=''
SHELL='/bin/sh'
STRIP='strip'
VERSION='1.0'
ac_ct_CC='gcc'
ac_ct_CXX='g++'
ac_ct_DUMPBIN=''
am__EXEEXT_FALSE='#'
am__EXEEXT_TRUE=''
am__fastdepCC_FALSE=''
am__fastdepCC_TRUE='#'
am__fastdepCXX_FALSE=''
am__fastdepCXX_TRUE='#'
am__include='include'
am__isrc=''
am__leading_dot='.'
am__quote=''
am__tar='${AMTAR} chof - "$$tardir"'
am__untar='${AMTAR} xf -'
bindir='${exec_prefix}/bin'
build='x86_64-unknown-cygwin'
build_alias=''
build_cpu='x86_64'
build_os='cygwin'
build_vendor='unknown'
datadir='${datarootdir}'
datarootdir='${prefix}/share'
docdir='${datarootdir}/doc/${PACKAGE_TARNAME}'
dvidir='${docdir}'
exec_prefix='${prefix}'
host='x86_64-unknown-cygwin'
host_alias=''
host_cpu='x86_64'
host_os='cygwin'
host_vendor='unknown'
htmldir='${docdir}'
includedir='${prefix}/include'
infodir='${datarootdir}/info'
install_sh='${SHELL} /cygdrive/d/deap/edevel00419_adc24_grif16_test/tsbs/common_sw_library/tsb/ip/software/arg/install-sh'
libdir='${exec_prefix}/lib'
libexecdir='${exec_prefix}/libexec'
localedir='${datarootdir}/locale'
localstatedir='${prefix}/var'
lt_ECHO='echo'
mandir='${datarootdir}/man'
mkdir_p='/usr/bin/mkdir -p'
oldincludedir='/usr/include'
pdfdir='${docdir}'
prefix='/usr/local'
program_transform_name='s,x,x,'
psdir='${docdir}'
sbindir='${exec_prefix}/sbin'
sharedstatedir='${prefix}/com'
sysconfdir='${prefix}/etc'
target_alias=''

## ----------- ##
## confdefs.h. ##
## ----------- ##

/* confdefs.h */
#define PACKAGE_NAME "arg"
#define PACKAGE_TARNAME "arg"
#define PACKAGE_VERSION "1.0"
#define PACKAGE_STRING "arg 1.0"
#define PACKAGE_BUGREPORT "cjj@u.washington.edu"
#define PACKAGE_URL ""
#define PACKAGE "arg"
#define VERSION "1.0"
#define STDC_HEADERS 1
#define HAVE_SYS_TYPES_H 1
#define HAVE_SYS_STAT_H 1
#define HAVE_STDLIB_H 1
#define HAVE_STRING_H 1
#define HAVE_MEMORY_H 1
#define HAVE_STRINGS_H 1
#define HAVE_INTTYPES_H 1
#define HAVE_STDINT_H 1
#define HAVE_UNISTD_H 1
#define HAVE_DLFCN_H 1
#define LT_OBJDIR ".libs/"

configure: exit 0
